  Bomb.cpp
C:\Users\user\source\repos\FlappyBird\FlappyBird\Bomb.cpp(11,23): warning C4244: '=': conversion from 'int' to 'float', possible loss of data
C:\Users\user\source\repos\FlappyBird\FlappyBird\Bomb.cpp(38,22): warning C4244: '=': conversion from 'int' to 'float', possible loss of data
  Pipe.cpp
  Friend.cpp
C:\Users\user\source\repos\FlappyBird\FlappyBird\Friend.cpp(13,23): warning C4244: '=': conversion from 'int' to 'float', possible loss of data
C:\Users\user\source\repos\FlappyBird\FlappyBird\Friend.cpp(40,22): warning C4244: '=': conversion from 'int' to 'float', possible loss of data
  Game.cpp
C:\Users\user\source\repos\FlappyBird\FlappyBird\Game.cpp(660,95): warning C4305: 'argument': truncation from 'double' to 'float'
C:\Users\user\source\repos\FlappyBird\FlappyBird\Game.cpp(803,59): warning C4244: '=': conversion from 'double' to 'float', possible loss of data
C:\Users\user\source\repos\FlappyBird\FlappyBird\Game.cpp(823,59): warning C4244: '=': conversion from 'double' to 'float', possible loss of data
  GameObject.cpp
  main.cpp
  Player.cpp
  Player2.cpp
  util.cpp
  Generating code
  252 of 441 functions (57.1%) were compiled, the rest were copied from previous compilation.
    103 functions were new in current compilation
    25 functions had inline decision re-evaluated but remain unchanged
  Finished generating code
  FlappyBird.vcxproj -> C:\Users\user\source\repos\FlappyBird\x64\Release\FlappyBird.exe
